{"level":"error"}
{"level":"error"}
{"level":"error"}
{"level":"error"}
{"level":"error"}
{"level":"error"}
{"level":"error"}
{"level":"error","id":"4ea74847-84e4-44df-8882-6dbd630d7cca"}
{"level":"error"}
{"level":"error","id":"a6fb0808-c806-48cc-a238-80af743090a7"}
{"level":"error"}
{"level":"error","id":"3ca082fb-58cc-4648-a57d-59ef1b190251"}
{"level":"error"}
{"level":"error","id":"50e705ab-a30c-4858-bfd2-1e0e988acc48"}
{"level":"error"}
{"level":"error","id":"ea48aa12-6bea-4b9e-a15a-0303c87c451e"}
{"level":"error"}
{"level":"error","id":"7df06909-cef2-44a4-ac17-f71e10d30584"}
{"level":"error"}
{"level":"error","id":"a6682042-b834-4c7f-b1d3-22409e01b447"}
{"level":"error"}
{"level":"error","id":"0ef1d2dc-e28c-43ed-8acd-560ed1668218"}
{"id":"4a2c4733-92e4-4765-93ce-4abdb1207615","level":"error"}
{"id":"0998f388-e53c-4d60-b4a6-6e2d237fe04d","level":"error"}
{"id":"ac5dbe77-1766-4afd-b209-49f16002cca5","level":"error"}
{"id":"33314e1c-ad88-4326-b02d-6111ea1db9bd","level":"error"}
{"id":"06123bb0-cb6c-4a41-8163-a7e11f422510","level":"error"}
{"id":"f5d2ab0b-b002-4c2d-a2fc-f68796c7dd82","level":"error"}
{"id":"c4fff367-ced5-4549-8f05-f9725113f3a4","level":"error"}
{"id":"5e877713-ec16-47a5-8262-96dc7262704f","level":"error"}
{"id":"14afd8d0-5812-48e5-ae70-e1dc7f63c8f0","level":"error"}
{"level":"error"}
{"level":"error","message":"Failed"}
{"level":"error","message":"Failed"}
{"level":"error"}
{"level":"error","message":"Failed"}
{"level":"error","message":"Failed"}
{"level":"error"}
{"level":"error","message":"Failed"}
{"level":"error","message":"Failed"}
{"level":"error"}
{"level":"error","message":"Failed"}
{"level":"error","message":"Failed"}
{"level":"error"}
{"level":"error","message":"Failed"}
{"level":"error","message":"Failed"}
{"level":"error"}
{"level":"error","message":"Failed"}
{"level":"error","message":"Failed"}
{"level":"error"}
{"level":"error","message":"Failed"}
{"level":"error","message":"Failed"}
{"level":"error"}
{"level":"error","message":"Failed"}
{"level":"error","message":"Failed"}
{"level":"error"}
{"level":"error","message":"Failed"}
{"level":"error","message":"Failed"}
{"ok":0,"errmsg":"Skip value must be non-negative, but received: -4","code":2,"codeName":"BadValue","name":"MongoError","level":"error"}
{"level":"error","message":"Failed"}
{"level":"error","message":"Failed"}
{"id":"c93f13ab-3b10-4645-ba62-592b8cd1ac85","level":"error"}
{"id":"2644045f-3747-494e-a3d8-99d59a572e82","level":"error"}
{"id":"f3fadc5c-282e-4dd0-9553-e380a6f7d823","level":"error"}
{"id":"d144aa9b-7348-4a40-a190-a2084b915d70","level":"error"}
{"errors":{"year":{"message":"Path `year` is required.","name":"ValidatorError","properties":{"message":"Path `year` is required.","type":"required","path":"year","value":""},"kind":"required","path":"year","value":""}},"_message":"Report validation failed","message":"Report validation failed: year: Path `year` is required.","name":"ValidationError","level":"error"}
{"level":"error","message":"Failed"}
{"errors":{"year":{"message":"Path `year` is required.","name":"ValidatorError","properties":{"message":"Path `year` is required.","type":"required","path":"year","value":""},"kind":"required","path":"year","value":""}},"_message":"Report validation failed","message":"Report validation failed: year: Path `year` is required.","name":"ValidationError","level":"error"}
{"level":"error","message":"Failed"}
